{"name": "test_iconNotification", "status": "failed", "statusDetails": {"message": "AssertionError: assert False == True\n +  where False = navbar_iconNotification(<selenium.webdriver.chrome.webdriver.WebDriver (session=\"1637b0482f42fec5a7018ba93a2addbf\")>, 'test3')", "trace": "setup_driver = <selenium.webdriver.chrome.webdriver.WebDriver (session=\"1637b0482f42fec5a7018ba93a2addbf\")>\n\n    def test_iconNotification(setup_driver):\n>       assert navbar_iconNotification(setup_driver,\"test3\") == True\nE       assert False == True\nE        +  where False = navbar_iconNotification(<selenium.webdriver.chrome.webdriver.WebDriver (session=\"1637b0482f42fec5a7018ba93a2addbf\")>, 'test3')\n\ntest_navbar.py:168: AssertionError"}, "start": 1743624883476, "stop": 1743624909425, "uuid": "62faf627-e576-4f73-90e6-83a9e84c09d3", "historyId": "2a214794420427ee6ecd5e931f22d03a", "testCaseId": "2a214794420427ee6ecd5e931f22d03a", "fullName": "test_navbar#test_iconNotification", "labels": [{"name": "suite", "value": "test_navbar"}, {"name": "host", "value": "LAPTOP-OM609ID0"}, {"name": "thread", "value": "18660-MainThread"}, {"name": "framework", "value": "pytest"}, {"name": "language", "value": "cpython3"}, {"name": "package", "value": "test_navbar"}]}