{"name": "test_iconNotification", "status": "failed", "statusDetails": {"message": "AssertionError: assert False == True\n +  where False = navbar_iconNotification(<selenium.webdriver.chrome.webdriver.WebDriver (session=\"025311761724bef91b5ac4d9843bf2dc\")>, 'test3')", "trace": "setup_driver = <selenium.webdriver.chrome.webdriver.WebDriver (session=\"025311761724bef91b5ac4d9843bf2dc\")>\n\n    def test_iconNotification(setup_driver):\n>       assert navbar_iconNotification(setup_driver,\"test3\") == True\nE       assert False == True\nE        +  where False = navbar_iconNotification(<selenium.webdriver.chrome.webdriver.WebDriver (session=\"025311761724bef91b5ac4d9843bf2dc\")>, 'test3')\n\ntest_navbar.py:166: AssertionError"}, "start": 1743622838530, "stop": 1743622860158, "uuid": "dedbd0b2-95b3-442b-b5e1-77667bd9fb35", "historyId": "2a214794420427ee6ecd5e931f22d03a", "testCaseId": "2a214794420427ee6ecd5e931f22d03a", "fullName": "test_navbar#test_iconNotification", "labels": [{"name": "suite", "value": "test_navbar"}, {"name": "host", "value": "LAPTOP-OM609ID0"}, {"name": "thread", "value": "9644-MainThread"}, {"name": "framework", "value": "pytest"}, {"name": "language", "value": "cpython3"}, {"name": "package", "value": "test_navbar"}]}