{"name": "test_page", "status": "failed", "statusDetails": {"message": "AssertionError: assert False == True\n +  where False = register_page(<selenium.webdriver.chrome.webdriver.WebDriver (session=\"cdfaf393a448b18d4ac0c32ee96f5b87\")>, 'test8')", "trace": "setup_driver = <selenium.webdriver.chrome.webdriver.WebDriver (session=\"cdfaf393a448b18d4ac0c32ee96f5b87\")>\n\n    def test_page(setup_driver):\n>       assert register_page(setup_driver,\"test8\") == True\nE       assert False == True\nE        +  where False = register_page(<selenium.webdriver.chrome.webdriver.WebDriver (session=\"cdfaf393a448b18d4ac0c32ee96f5b87\")>, 'test8')\n\ntest_register.py:90: AssertionError"}, "attachments": [{"name": "stdout", "source": "c5773ce9-8d5a-4c32-8d23-c8aa1f2b7f75-attachment.txt", "type": "text/plain"}], "start": 1743622955050, "stop": 1743622967360, "uuid": "55753857-832c-4c1b-ba9e-f367bb3e346b", "historyId": "7b5b0cf2c63843171e5a46aa34c426ac", "testCaseId": "7b5b0cf2c63843171e5a46aa34c426ac", "fullName": "test_register#test_page", "labels": [{"name": "suite", "value": "test_register"}, {"name": "host", "value": "LAPTOP-OM609ID0"}, {"name": "thread", "value": "9644-MainThread"}, {"name": "framework", "value": "pytest"}, {"name": "language", "value": "cpython3"}, {"name": "package", "value": "test_register"}]}