{"name": "test_iconNotification", "status": "failed", "statusDetails": {"message": "AssertionError: assert False == True\n +  where False = navbar_iconNotification(<selenium.webdriver.chrome.webdriver.WebDriver (session=\"f86744178c6790711afa244d85077d9d\")>, 'test3')", "trace": "setup_driver = <selenium.webdriver.chrome.webdriver.WebDriver (session=\"f86744178c6790711afa244d85077d9d\")>\n\n    def test_iconNotification(setup_driver):\n>       assert navbar_iconNotification(setup_driver,\"test3\") == True\nE       assert False == True\nE        +  where False = navbar_iconNotification(<selenium.webdriver.chrome.webdriver.WebDriver (session=\"f86744178c6790711afa244d85077d9d\")>, 'test3')\n\ntest_navbar.py:167: AssertionError"}, "start": 1743624743516, "stop": 1743624769979, "uuid": "110ab33a-3f0a-4e0e-8241-9ccdc7217a97", "historyId": "2a214794420427ee6ecd5e931f22d03a", "testCaseId": "2a214794420427ee6ecd5e931f22d03a", "fullName": "test_navbar#test_iconNotification", "labels": [{"name": "suite", "value": "test_navbar"}, {"name": "host", "value": "LAPTOP-OM609ID0"}, {"name": "thread", "value": "8956-MainThread"}, {"name": "framework", "value": "pytest"}, {"name": "language", "value": "cpython3"}, {"name": "package", "value": "test_navbar"}]}