{"name": "test_page", "status": "failed", "statusDetails": {"message": "AssertionError: assert False == True\n +  where False = register_page(<selenium.webdriver.chrome.webdriver.WebDriver (session=\"4f37b481b3820fbfd6a0fd11d5a391f5\")>, 'test8')", "trace": "setup_driver = <selenium.webdriver.chrome.webdriver.WebDriver (session=\"4f37b481b3820fbfd6a0fd11d5a391f5\")>\n\n    def test_page(setup_driver):\n>       assert register_page(setup_driver,\"test8\") == True\nE       assert False == True\nE        +  where False = register_page(<selenium.webdriver.chrome.webdriver.WebDriver (session=\"4f37b481b3820fbfd6a0fd11d5a391f5\")>, 'test8')\n\ntest_register.py:90: AssertionError"}, "attachments": [{"name": "stdout", "source": "f084d050-aea5-4643-807f-f8a2661701ad-attachment.txt", "type": "text/plain"}], "start": 1743622342371, "stop": 1743622352886, "uuid": "1474b79c-479f-47c2-884e-1195451b4539", "historyId": "7b5b0cf2c63843171e5a46aa34c426ac", "testCaseId": "7b5b0cf2c63843171e5a46aa34c426ac", "fullName": "test_register#test_page", "labels": [{"name": "suite", "value": "test_register"}, {"name": "host", "value": "LAPTOP-OM609ID0"}, {"name": "thread", "value": "9660-MainThread"}, {"name": "framework", "value": "pytest"}, {"name": "language", "value": "cpython3"}, {"name": "package", "value": "test_register"}]}